<?xml version="1.0" encoding="UTF-8"?>
<!-- Generated by org.testng.reporters.JUnitReportReporter -->
<testsuite hostname="DESKTOP-DJ4FDME" failures="0" tests="1" name="testNGDemo.TestScenario10" time="0.009" errors="0" timestamp="2024-03-20T05:50:34 IST" skipped="0">
  <testcase classname="testNGDemo.TestScenario10" name="sixth_testcase" time="0.009"/>
</testsuite> <!-- testNGDemo.TestScenario10 -->
