<?xml version="1.0" encoding="UTF-8"?>
<!-- Generated by org.testng.reporters.JUnitReportReporter -->
<testsuite hostname="DESKTOP-DJ4FDME" failures="0" tests="1" name="org.xyz.automation.fb.BrowserControl" time="25.491" errors="0" timestamp="2024-04-03T05:29:58 IST" skipped="0">
  <testcase classname="org.xyz.automation.fb.BrowserControl" name="differentControl" time="25.491"/>
</testsuite> <!-- org.xyz.automation.fb.BrowserControl -->
