<?xml version="1.0" encoding="UTF-8"?>
<!-- Generated by org.testng.reporters.JUnitReportReporter -->
<testsuite hostname="DESKTOP-DJ4FDME" failures="0" tests="1" name="org.wipro.auto.project.testcases.RegisterTC" time="13.806" errors="0" timestamp="2024-04-17T05:27:39 IST" skipped="0">
  <testcase classname="org.wipro.auto.project.testcases.RegisterTC" name="registerFunctionaility" time="13.806"/>
</testsuite> <!-- org.wipro.auto.project.testcases.RegisterTC -->
