<?xml version="1.0" encoding="UTF-8"?>
<!-- Generated by org.testng.reporters.JUnitReportReporter -->
<testsuite hostname="DESKTOP-DJ4FDME" failures="0" tests="1" name="org.wipro.auto.project.testcases.SignupScenario" time="8.558" errors="0" timestamp="2024-04-13T05:55:22 IST" skipped="0">
  <testcase classname="org.wipro.auto.project.testcases.SignupScenario" name="signupfunct" time="8.558"/>
</testsuite> <!-- org.wipro.auto.project.testcases.SignupScenario -->
