<?xml version="1.0" encoding="UTF-8"?>
<!-- Generated by org.testng.reporters.JUnitReportReporter -->
<testsuite hostname="DESKTOP-DJ4FDME" failures="0" tests="4" name="org.xyz.automation.fb.HandleKeyboardMouse" time="18.148" errors="0" timestamp="2024-04-11T05:56:10 IST" skipped="2">
  <testcase classname="org.xyz.automation.fb.HandleKeyboardMouse" name="handleAlerts" time="8.683"/>
  <testcase classname="org.xyz.automation.fb.HandleKeyboardMouse" name="handleFrames" time="9.465"/>
  <testcase classname="org.xyz.automation.fb.HandleKeyboardMouse" name="handlekeyboard">
    <skipped/>
  </testcase> <!-- handlekeyboard -->
  <testcase classname="org.xyz.automation.fb.HandleKeyboardMouse" name="handleMouse">
    <skipped/>
  </testcase> <!-- handleMouse -->
</testsuite> <!-- org.xyz.automation.fb.HandleKeyboardMouse -->
