<?xml version="1.0" encoding="UTF-8"?>
<!-- Generated by org.testng.reporters.JUnitReportReporter -->
<testsuite hostname="DESKTOP-DJ4FDME" failures="0" tests="1" name="org.xyz.automation.fb.FetchDataRuntime" time="3.997" errors="0" timestamp="2024-04-06T05:44:10 IST" skipped="0">
  <testcase classname="org.xyz.automation.fb.FetchDataRuntime" name="loginpage" time="3.997"/>
</testsuite> <!-- org.xyz.automation.fb.FetchDataRuntime -->
