<?xml version="1.0" encoding="UTF-8"?>
<!-- Generated by org.testng.reporters.JUnitReportReporter -->
<testsuite hostname="DESKTOP-DJ4FDME" failures="0" tests="1" name="org.xyz.automation.fb.DifferentControl" time="11.790" errors="0" timestamp="2024-04-09T05:35:43 IST" skipped="0">
  <testcase classname="org.xyz.automation.fb.DifferentControl" name="loginpage" time="11.790"/>
</testsuite> <!-- org.xyz.automation.fb.DifferentControl -->
