<?xml version="1.0" encoding="UTF-8"?>
<!-- Generated by org.testng.reporters.JUnitReportReporter -->
<testsuite hostname="DESKTOP-DJ4FDME" failures="0" tests="1" name="testNGDemo.TestScenario5" time="0.002" errors="0" timestamp="2024-03-20T05:50:20 IST" skipped="0">
  <testcase classname="testNGDemo.TestScenario5" name="fifth_testcase" time="0.002"/>
</testsuite> <!-- testNGDemo.TestScenario5 -->
