<?xml version="1.0" encoding="UTF-8"?>
<!-- Generated by org.testng.reporters.JUnitReportReporter -->
<testsuite hostname="DESKTOP-DJ4FDME" failures="0" tests="2" name="org.xyz.automation.fb.FirstAutomation" time="7.663" errors="0" timestamp="2024-04-09T05:20:45 IST" skipped="0">
  <testcase classname="org.xyz.automation.fb.FirstAutomation" name="validateSignup" time="3.027"/>
  <testcase classname="org.xyz.automation.fb.FirstAutomation" name="validatLogin" time="4.636"/>
</testsuite> <!-- org.xyz.automation.fb.FirstAutomation -->
