<?xml version="1.0" encoding="UTF-8"?>
<!-- Generated by org.testng.reporters.JUnitReportReporter -->
<testsuite hostname="DESKTOP-DJ4FDME" failures="0" tests="3" name="org.wipro.auto.project.testcases.LoginScenario" time="21.890" errors="0" timestamp="2024-04-16T05:36:34 IST" skipped="0">
  <testcase classname="org.wipro.auto.project.testcases.LoginScenario" name="loginFunctionaility" time="6.892"/>
  <testcase classname="org.wipro.auto.project.testcases.LoginScenario" name="loginFunctionaility" time="7.045"/>
  <testcase classname="org.wipro.auto.project.testcases.LoginScenario" name="loginFunctionaility" time="7.953"/>
</testsuite> <!-- org.wipro.auto.project.testcases.LoginScenario -->
